TN:
SF:app.js
FN:30,(anonymous_0)
FN:35,(anonymous_1)
FNF:2
FNH:2
FNDA:2,(anonymous_0)
FNDA:36,(anonymous_1)
DA:5,4
DA:6,4
DA:8,4
DA:10,4
DA:11,4
DA:12,4
DA:13,4
DA:15,4
DA:17,4
DA:19,4
DA:20,4
DA:21,4
DA:22,4
DA:24,4
DA:25,4
DA:26,4
DA:30,4
DA:31,2
DA:35,4
DA:36,36
DA:37,36
DA:38,36
DA:40,36
DA:45,4
LF:24
LH:24
BRDA:36,0,0,1
BRDA:36,0,1,35
BRDA:37,1,0,36
BRDA:37,1,1,1
BRF:4
BRH:4
end_of_record
TN:
SF:config.js
FN:13,getDatabaseUri
FNF:1
FNH:1
FNDA:19,getDatabaseUri
DA:5,10
DA:6,10
DA:8,10
DA:10,10
DA:14,19
DA:22,10
DA:24,10
DA:25,10
DA:26,10
DA:27,10
DA:28,10
DA:29,10
DA:31,10
LF:13
LH:13
BRDA:8,0,0,10
BRDA:8,0,1,9
BRDA:10,1,0,10
BRDA:10,1,1,9
BRDA:14,2,0,16
BRDA:14,2,1,3
BRDA:16,3,0,3
BRDA:16,3,1,1
BRDA:22,4,0,9
BRDA:22,4,1,1
BRF:10
BRH:10
end_of_record
TN:
SF:db.js
FNF:0
FNH:0
DA:3,6
DA:4,6
DA:8,6
DA:9,0
DA:16,6
DA:21,6
DA:23,6
LF:7
LH:6
BRDA:8,0,0,0
BRDA:8,0,1,6
BRF:2
BRH:1
end_of_record
TN:
SF:expressError.js
FN:8,(anonymous_0)
FN:18,(anonymous_1)
FN:26,(anonymous_2)
FN:35,(anonymous_3)
FN:43,(anonymous_4)
FNF:5
FNH:4
FNDA:53,(anonymous_0)
FNDA:9,(anonymous_1)
FNDA:33,(anonymous_2)
FNDA:11,(anonymous_3)
FNDA:0,(anonymous_4)
DA:9,53
DA:10,53
DA:11,53
DA:19,9
DA:27,33
DA:36,11
DA:44,0
DA:48,8
LF:8
LH:7
BRDA:18,0,0,2
BRDA:26,1,0,29
BRDA:35,2,0,0
BRDA:43,3,0,0
BRF:4
BRH:2
end_of_record
TN:
SF:helpers/sql.js
FN:19,sqlForPartialUpdate
FN:24,(anonymous_1)
FN:49,sqlForFilter
FNF:3
FNH:3
FNDA:12,sqlForPartialUpdate
FNDA:22,(anonymous_1)
FNDA:10,sqlForFilter
DA:1,7
DA:20,12
DA:21,12
DA:24,9
DA:25,22
DA:28,9
DA:50,10
DA:52,10
DA:54,9
DA:55,9
DA:57,9
DA:59,9
DA:60,5
DA:61,5
DA:62,5
DA:64,9
DA:65,5
DA:66,5
DA:67,5
DA:69,9
DA:70,2
DA:71,2
DA:72,2
DA:75,9
DA:81,7
LF:25
LH:25
BRDA:21,0,0,3
BRDA:21,0,1,9
BRDA:25,1,0,22
BRDA:25,1,1,10
BRDA:52,2,0,1
BRDA:52,2,1,9
BRDA:59,3,0,5
BRDA:59,3,1,4
BRDA:64,4,0,5
BRDA:64,4,1,4
BRDA:69,5,0,2
BRDA:69,5,1,7
BRF:12
BRH:12
end_of_record
TN:
SF:helpers/tokens.js
FN:6,createToken
FNF:1
FNH:1
FNDA:8,createToken
DA:1,5
DA:2,5
DA:7,8
DA:10,8
DA:15,8
DA:18,5
LF:6
LH:6
BRDA:12,0,0,8
BRDA:12,0,1,7
BRF:2
BRH:2
end_of_record
TN:
SF:middleware/auth.js
FN:18,authenticateJWT
FN:36,ensureLoggedIn
FN:50,ensureAdmin
FN:65,ensureSelfOrAdmin
FNF:4
FNH:4
FNDA:48,authenticateJWT
FNDA:2,ensureLoggedIn
FNDA:22,ensureAdmin
FNDA:11,ensureSelfOrAdmin
DA:5,5
DA:6,5
DA:7,5
DA:19,48
DA:20,48
DA:21,48
DA:22,26
DA:23,26
DA:25,47
DA:27,1
DA:37,2
DA:38,2
DA:39,1
DA:41,1
DA:51,22
DA:52,22
DA:53,22
DA:54,0
DA:56,22
DA:66,11
DA:67,11
DA:68,11
DA:69,11
DA:70,11
DA:71,5
DA:73,6
DA:79,5
LF:27
LH:26
BRDA:20,0,0,48
BRDA:20,0,1,47
BRDA:21,1,0,26
BRDA:21,1,1,22
BRDA:38,2,0,1
BRDA:38,2,1,1
BRDA:52,3,0,22
BRDA:52,3,1,17
BRDA:53,4,0,22
BRDA:53,4,1,0
BRDA:68,5,0,11
BRDA:68,5,1,8
BRDA:68,5,2,8
BRDA:69,6,0,11
BRDA:69,6,1,8
BRDA:70,7,0,6
BRDA:70,7,1,5
BRDA:70,8,0,11
BRDA:70,8,1,6
BRF:19
BRH:18
end_of_record
TN:
SF:models/_testCommon.js
FN:6,commonBeforeAll
FN:33,commonBeforeEach
FN:37,commonAfterEach
FN:41,commonAfterAll
FNF:4
FNH:4
FNDA:2,commonBeforeAll
FNDA:30,commonBeforeEach
FNDA:30,commonAfterEach
FNDA:2,commonAfterAll
DA:1,2
DA:3,2
DA:4,2
DA:8,2
DA:10,2
DA:12,2
DA:18,2
DA:34,30
DA:38,30
DA:42,2
DA:46,2
LF:11
LH:11
BRF:0
BRH:0
end_of_record
TN:
SF:models/company.js
FN:19,(anonymous_0)
FN:52,(anonymous_1)
FN:74,(anonymous_2)
FN:111,(anonymous_3)
FN:141,(anonymous_4)
FN:171,(anonymous_5)
FNF:6
FNH:6
FNDA:12,(anonymous_0)
FNDA:3,(anonymous_1)
FNDA:4,(anonymous_2)
FNDA:5,(anonymous_3)
FNDA:4,(anonymous_4)
FNDA:2,(anonymous_5)
DA:3,5
DA:4,5
DA:5,5
DA:20,12
DA:26,12
DA:27,1
DA:29,11
DA:42,11
DA:44,11
DA:53,3
DA:61,2
DA:75,4
DA:76,4
DA:83,4
DA:84,0
DA:87,4
DA:88,4
DA:99,4
DA:112,5
DA:122,5
DA:124,5
DA:126,3
DA:142,4
DA:148,3
DA:150,3
DA:158,3
DA:159,3
DA:161,3
DA:163,2
DA:172,2
DA:178,2
DA:180,2
DA:185,5
LF:33
LH:32
BRDA:26,0,0,1
BRDA:26,0,1,11
BRDA:83,1,0,0
BRDA:83,1,1,4
BRDA:83,2,0,4
BRDA:83,2,1,2
BRDA:83,2,2,1
BRDA:124,3,0,2
BRDA:124,3,1,3
BRDA:161,4,0,1
BRDA:161,4,1,2
BRDA:180,5,0,1
BRDA:180,5,1,1
BRF:13
BRH:12
end_of_record
TN:
SF:models/user.js
FN:24,(anonymous_0)
FN:59,(anonymous_1)
FN:104,(anonymous_2)
FN:126,(anonymous_3)
FN:162,(anonymous_4)
FN:195,(anonymous_5)
FNF:6
FNH:6
FNDA:7,(anonymous_0)
FNDA:14,(anonymous_1)
FNDA:1,(anonymous_2)
FNDA:3,(anonymous_3)
FNDA:6,(anonymous_4)
FNDA:3,(anonymous_5)
DA:3,5
DA:4,5
DA:5,5
DA:10,5
DA:12,5
DA:26,7
DA:38,7
DA:40,7
DA:42,4
DA:43,4
DA:44,3
DA:45,3
DA:49,4
DA:61,14
DA:68,14
DA:69,1
DA:72,13
DA:74,13
DA:94,13
DA:96,13
DA:105,1
DA:115,1
DA:127,3
DA:138,3
DA:140,3
DA:142,2
DA:163,6
DA:164,2
DA:167,6
DA:174,5
DA:176,5
DA:184,5
DA:185,5
DA:187,5
DA:189,4
DA:190,4
DA:196,3
DA:203,3
DA:205,3
DA:210,5
LF:40
LH:40
BRDA:40,0,0,4
BRDA:40,0,1,3
BRDA:43,1,0,3
BRDA:43,1,1,1
BRDA:68,2,0,1
BRDA:68,2,1,13
BRDA:140,3,0,1
BRDA:140,3,1,2
BRDA:163,4,0,2
BRDA:163,4,1,4
BRDA:187,5,0,1
BRDA:187,5,1,4
BRDA:205,6,0,1
BRDA:205,6,1,2
BRF:14
BRH:14
end_of_record
TN:
SF:routes/_testCommon.js
FN:8,commonBeforeAll
FN:65,commonBeforeEach
FN:69,commonAfterEach
FN:73,commonAfterAll
FNF:4
FNH:4
FNDA:3,commonBeforeAll
FNDA:43,commonBeforeEach
FNDA:43,commonAfterEach
FNDA:3,commonAfterAll
DA:3,3
DA:4,3
DA:5,3
DA:6,3
DA:10,3
DA:12,3
DA:14,3
DA:22,3
DA:30,3
DA:39,3
DA:47,3
DA:55,3
DA:66,43
DA:70,43
DA:74,3
DA:78,3
DA:81,3
LF:17
LH:17
BRF:0
BRH:0
end_of_record
TN:
SF:routes/auth.js
FN:22,(anonymous_0)
FN:26,(anonymous_1)
FN:49,(anonymous_2)
FN:53,(anonymous_3)
FNF:4
FNH:4
FNDA:5,(anonymous_0)
FNDA:2,(anonymous_1)
FNDA:3,(anonymous_2)
FNDA:5,(anonymous_3)
DA:5,4
DA:7,4
DA:8,4
DA:9,4
DA:10,4
DA:11,4
DA:12,4
DA:13,4
DA:22,4
DA:23,5
DA:24,5
DA:25,5
DA:26,2
DA:27,2
DA:30,3
DA:31,3
DA:32,1
DA:33,1
DA:35,4
DA:49,4
DA:50,3
DA:51,3
DA:52,3
DA:53,5
DA:54,2
DA:57,1
DA:58,1
DA:59,1
DA:61,2
DA:66,4
LF:30
LH:30
BRDA:25,0,0,2
BRDA:25,0,1,3
BRDA:52,1,0,2
BRDA:52,1,1,1
BRF:4
BRH:4
end_of_record
TN:
SF:routes/companies.js
FN:28,(anonymous_0)
FN:32,(anonymous_1)
FN:54,(anonymous_2)
FN:59,(anonymous_3)
FN:83,(anonymous_4)
FN:103,(anonymous_5)
FN:107,(anonymous_6)
FN:123,(anonymous_7)
FNF:8
FNH:2
FNDA:0,(anonymous_0)
FNDA:0,(anonymous_1)
FNDA:2,(anonymous_2)
FNDA:0,(anonymous_3)
FNDA:3,(anonymous_4)
FNDA:0,(anonymous_5)
FNDA:0,(anonymous_6)
FNDA:0,(anonymous_7)
DA:5,4
DA:6,4
DA:8,4
DA:9,4
DA:10,4
DA:12,4
DA:13,4
DA:14,4
DA:16,4
DA:28,4
DA:29,0
DA:30,0
DA:31,0
DA:32,0
DA:33,0
DA:36,0
DA:37,0
DA:39,0
DA:54,4
DA:55,2
DA:57,2
DA:58,2
DA:59,0
DA:60,0
DA:64,2
DA:65,0
DA:67,2
DA:69,1
DA:71,1
DA:83,4
DA:84,3
DA:85,3
DA:86,2
DA:88,1
DA:103,4
DA:104,0
DA:105,0
DA:106,0
DA:107,0
DA:108,0
DA:111,0
DA:112,0
DA:114,0
DA:123,4
DA:124,0
DA:125,0
DA:126,0
DA:128,0
DA:133,4
LF:49
LH:26
BRDA:31,0,0,0
BRDA:31,0,1,0
BRDA:58,1,0,0
BRDA:58,1,1,2
BRDA:64,2,0,0
BRDA:64,2,1,2
BRDA:106,3,0,0
BRDA:106,3,1,0
BRF:8
BRH:2
end_of_record
TN:
SF:routes/users.js
FN:30,(anonymous_0)
FN:34,(anonymous_1)
FN:54,(anonymous_2)
FN:71,(anonymous_3)
FN:91,(anonymous_4)
FN:95,(anonymous_5)
FN:112,(anonymous_6)
FNF:7
FNH:4
FNDA:0,(anonymous_0)
FNDA:0,(anonymous_1)
FNDA:0,(anonymous_2)
FNDA:1,(anonymous_3)
FNDA:3,(anonymous_4)
FNDA:1,(anonymous_5)
FNDA:1,(anonymous_6)
DA:5,4
DA:7,4
DA:8,4
DA:9,4
DA:10,4
DA:11,4
DA:12,4
DA:13,4
DA:15,4
DA:30,4
DA:31,0
DA:32,0
DA:33,0
DA:34,0
DA:35,0
DA:38,0
DA:39,0
DA:40,0
DA:42,0
DA:54,4
DA:55,0
DA:56,0
DA:57,0
DA:59,0
DA:71,4
DA:72,1
DA:73,1
DA:74,1
DA:76,0
DA:91,4
DA:92,3
DA:93,3
DA:94,3
DA:95,1
DA:96,1
DA:99,2
DA:100,2
DA:102,1
DA:112,4
DA:113,1
DA:114,1
DA:115,1
DA:117,0
DA:122,4
LF:44
LH:29
BRDA:33,0,0,0
BRDA:33,0,1,0
BRDA:94,1,0,1
BRDA:94,1,1,2
BRF:4
BRH:2
end_of_record
